<?xml version="1.0" encoding="UTF-8"?>
<testng-results ignored="0" total="1" passed="1" failed="0" skipped="0">
  <reporter-output>
  </reporter-output>
  <suite started-at="2023-05-06T18:51:40 IST" name="Default suite" finished-at="2023-05-06T18:52:05 IST" duration-ms="24370">
    <groups>
    </groups>
    <test started-at="2023-05-06T18:51:40 IST" name="Default test" finished-at="2023-05-06T18:52:05 IST" duration-ms="24370">
      <class name="testPackage.TestInvalidLogin">
        <test-method is-config="true" signature="setUp()[pri:0, instance:testPackage.TestInvalidLogin@2bfc268b]" started-at="2023-05-06T18:51:40 IST" name="setUp" finished-at="2023-05-06T18:51:46 IST" duration-ms="5623" status="PASS">
          <reporter-output>
          </reporter-output>
        </test-method> <!-- setUp -->
        <test-method signature="invalidLogin()[pri:0, instance:testPackage.TestInvalidLogin@2bfc268b]" started-at="2023-05-06T18:51:46 IST" name="invalidLogin" finished-at="2023-05-06T18:52:04 IST" duration-ms="18350" status="PASS">
          <reporter-output>
          </reporter-output>
        </test-method> <!-- invalidLogin -->
        <test-method is-config="true" signature="tearDown()[pri:0, instance:testPackage.TestInvalidLogin@2bfc268b]" started-at="2023-05-06T18:52:04 IST" name="tearDown" finished-at="2023-05-06T18:52:05 IST" duration-ms="339" status="PASS">
          <reporter-output>
          </reporter-output>
        </test-method> <!-- tearDown -->
      </class> <!-- testPackage.TestInvalidLogin -->
    </test> <!-- Default test -->
  </suite> <!-- Default suite -->
</testng-results>
